CRITICAL - 2025-11-26 23:50:44 --> Constant FILTER_SANITIZE_STRING is deprecated
#0 /Users/frankolvera/Documents/SITES/gpsnetic/system/Router/RouteCollection.php(1381): CodeIgniter\Debug\Exceptions->errorHandler(8192, 'Constant FILTER...', '/Users/frankolv...', 1381)
#1 /Users/frankolvera/Documents/SITES/gpsnetic/system/Router/RouteCollection.php(632): CodeIgniter\Router\RouteCollection->create('*', 'basecontroller(...', Object(Closure), NULL)
#2 /Users/frankolvera/Documents/SITES/gpsnetic/system/Config/Routes.php(51): CodeIgniter\Router\RouteCollection->add('basecontroller(...', Object(Closure))
#3 /Users/frankolvera/Documents/SITES/gpsnetic/app/Config/Routes.php(10): require('/Users/frankolv...')
#4 /Users/frankolvera/Documents/SITES/gpsnetic/system/CodeIgniter.php(780): require('/Users/frankolv...')
#5 /Users/frankolvera/Documents/SITES/gpsnetic/system/CodeIgniter.php(364): CodeIgniter\CodeIgniter->tryToRouteIt(Object(CodeIgniter\Router\RouteCollection))
#6 /Users/frankolvera/Documents/SITES/gpsnetic/system/CodeIgniter.php(312): CodeIgniter\CodeIgniter->handleRequest(NULL, Object(Config\Cache), false)
#7 /Users/frankolvera/Documents/SITES/gpsnetic/index.php(39): CodeIgniter\CodeIgniter->run()
#8 /Users/frankolvera/.composer/vendor/laravel/valet/server.php(110): require('/Users/frankolv...')
#9 {main}
CRITICAL - 2025-11-26 23:50:44 --> Uncaught ErrorException: Cannot modify header information - headers already sent by (output started at /Users/frankolvera/Documents/SITES/gpsnetic/app/Config/Events.php:33) in /Users/frankolvera/Documents/SITES/gpsnetic/system/Debug/Exceptions.php:164
Stack trace:
#0 [internal function]: CodeIgniter\Debug\Exceptions->errorHandler(2, 'Cannot modify h...', '/Users/frankolv...', 164)
#1 /Users/frankolvera/Documents/SITES/gpsnetic/system/Debug/Exceptions.php(164): header('HTTP/1.1 500 In...', true, 500)
#2 [internal function]: CodeIgniter\Debug\Exceptions->exceptionHandler(Object(ErrorException))
#3 {main}
  thrown
#0 [internal function]: CodeIgniter\Debug\Exceptions->shutdownHandler()
#1 {main}
